#-----------------------------------------------------------
# Vivado v2019.2 (64-bit)
# SW Build 2708876 on Wed Nov  6 21:40:23 MST 2019
# IP Build 2700528 on Thu Nov  7 00:09:20 MST 2019
# Start of session at: Thu Sep 30 15:25:11 2021
# Process ID: 16684
# Current directory: E:/capstone_dir/riscv-project-dev/project_1
# Command line: vivado.exe -gui_launcher_event rodinguilauncherevent21156 E:\capstone_dir\riscv-project-dev\project_1\project_1.xpr
# Log file: E:/capstone_dir/riscv-project-dev/project_1/vivado.log
# Journal file: E:/capstone_dir/riscv-project-dev/project_1\vivado.jou
#-----------------------------------------------------------
start_gui
open_project E:/capstone_dir/riscv-project-dev/project_1/project_1.xpr
Scanning sources...
Finished scanning sources
INFO: [IP_Flow 19-234] Refreshing IP repositories
INFO: [IP_Flow 19-1704] No user IP repositories specified
INFO: [IP_Flow 19-2313] Loaded Vivado IP repository 'E:/Vivado/2019.2/data/ip'.
open_project: Time (s): cpu = 00:00:29 ; elapsed = 00:00:26 . Memory (MB): peak = 865.035 ; gain = 223.590
update_compile_order -fileset sources_1
launch_runs impl_1 -jobs 4
[Thu Sep 30 15:27:05 2021] Launched impl_1...
Run output will be captured here: E:/capstone_dir/riscv-project-dev/project_1/project_1.runs/impl_1/runme.log
set_property is_enabled true [get_files  E:/capstone_dir/riscv-project-dev/project_1/project_1.srcs/constrs_1/new/constr.xdc]
reset_run synth_1
launch_runs synth_1 -jobs 4
[Thu Sep 30 15:29:35 2021] Launched synth_1...
Run output will be captured here: E:/capstone_dir/riscv-project-dev/project_1/project_1.runs/synth_1/runme.log
launch_runs impl_1 -jobs 4
[Thu Sep 30 15:31:40 2021] Launched impl_1...
Run output will be captured here: E:/capstone_dir/riscv-project-dev/project_1/project_1.runs/impl_1/runme.log
exit
INFO: [Common 17-206] Exiting Vivado at Thu Sep 30 15:33:39 2021...
