#-----------------------------------------------------------
# Vivado v2019.2 (64-bit)
# SW Build 2708876 on Wed Nov  6 21:40:23 MST 2019
# IP Build 2700528 on Thu Nov  7 00:09:20 MST 2019
# Start of session at: Mon Sep 13 13:02:35 2021
# Process ID: 17412
# Current directory: E:/capstone_dir/riscv-project-dev/project_1
# Command line: vivado.exe -gui_launcher_event rodinguilauncherevent14648 E:\capstone_dir\riscv-project-dev\project_1\project_1.xpr
# Log file: E:/capstone_dir/riscv-project-dev/project_1/vivado.log
# Journal file: E:/capstone_dir/riscv-project-dev/project_1\vivado.jou
#-----------------------------------------------------------
start_gui
open_project E:/capstone_dir/riscv-project-dev/project_1/project_1.xpr
Scanning sources...
Finished scanning sources
INFO: [IP_Flow 19-234] Refreshing IP repositories
INFO: [IP_Flow 19-1704] No user IP repositories specified
INFO: [IP_Flow 19-2313] Loaded Vivado IP repository 'E:/Vivado/2019.2/data/ip'.
open_project: Time (s): cpu = 00:00:16 ; elapsed = 00:00:21 . Memory (MB): peak = 884.387 ; gain = 251.004
update_compile_order -fileset sources_1
exit
INFO: [Common 17-206] Exiting Vivado at Mon Sep 13 13:46:49 2021...
